EegwUZRQUamEcLDur4loqR9GJHh2F5kmV8k8R6ClqaxTYTUbZwMXW5VoKTtrx8hMXLka0SVraQ/0Asfmito+cds1Dah0U3vEa6Ej6+hgaAE0E0EtTSoP6aWl4P3vcys78UqdIPL+OVOstNrN8qa0Ej7fZAYsxOUggr0D5x+xJI5DnQOSs71UjUJrcFMMF2Zf642oo88=
EZQI5zqALPzK5atQke2MSM4Me7+Z0MimvsbO0byG3m/snW/7iqMuVUfDxkEXxic7rvvcTpDDtN0Jd9JDF4iup6mMKeWZOxLEymmmp9ut156dgQcBGi1VN2lzI75HAOiKK1uusODdiIKW+uzrPkZ2cDfIIBl5d6U1pgbR6ZkyaUmGxQAvSoP2M0Q3+bmyo9U=
Phk1pm5HBEnbCZ/5miZdC3z2i6wX3pP5OBPeACfmhs6+Q+gNPC6vZESQjOrQO8M/R2tMUz+5hJGEJMKddRaQ0rJDRoFRaW7TRgOi/bPzsnnuQ1kDWsuo5hxj+PUdJ4bbi8iyv33cvQ1VWx4sfhkSX+et62Yp8bPpFk2Z3/0j96ZbQHQSfwu6mKx9BCriyhjTQsaKSEP41LH112kdstYFcQXydVHSFZRHBmP6W/DHTcGOo+k=
dYeN9OZu1hCwLlynkvNKjvqWmuTT9mkpU7qcfoHrixGDigcd87eiQVU7R1/EYVsbe1QDmQEuWHlZTKAa/5gzDfLnjV11Eu2Q0OjdpKuL1dqx1OdI3B6wX1Tul32KwbX3lJv+9xnXZlFeYrRjU8ivStM7slpr4KL+9yMp8/WLy6lFKRPCq7uj0g==
WBTMRqU7RA1R3j+pbpTwYZjw07PMFvHARb/JKCwcAJbS56n5q0OgU4mfqy1bTtexWyoj3e2ft5MMVTtnY1ATden6GCUhKBCWd2yTsaqj3XFdBu2M6Myt6OM/NSYpUHcktEpwg6wKp3GCtZXLTF8uW7FD5s3mxkSvm/zPNss/oraDNOKij0eZf31/axUdbUPug6+jzg==
tDWmcLI21tKq8nezyhFOopjw07PMFvHARb/JKCwcAJbS9qH3rUyhAYmfqy1bTtexWysj3e2ft5MMVTtnY1ATden6GCUhKBCWd2yTsaqj3XFdBu2M6Myt6OM/NSYpUHcktEpwg6wKp3GCtZXLTF8uW7FD5s3mxkSvm/zPNss/oraDNOKij0eZf31/axUdbUPug6+jzg==
dnyPl257SNa+ePdlfRuc0uW9vhQ7haLsRwwujppTm1+VQdzV8MTTj7RSAWzJOyeydHwbmLuCJExHiUXtQcuLMUNqh32znKNhFVvHvwRBWzu7tIP5QQ5YWRksIPo/uDMtMgcNPTUy7bCQiF1Ea6vV+nE0ZyicPrB/FI4XnUrhtddUe36XWfdmcR4CNIOT6K9qE9syOivAot63Q6kTNavLiYXJk6Lrm6Py
Zw0TTN40QHzBsGZVzg5QFTNibBOcbXvHNGeljpyd+xJWXydBmJmqE2YDgj3Tc1K5iEO6QzpLSKY8Y9i1vacmm6vI0v+dXN3NtVt+7N6Zsp/HrcumiXETKXZNeR+doxfmO0BUUt+LGtiMfSRqAkp4k6LG6oijeLRx1ddJ3RJWpbEl8pWRspV0B2ZjGhtQR+2BrqPJ
NMG5MPiTQRJpSMQSshIyAbSsQPGV7Lyn3CvB3K6Gr1ESzMr61qNqLmLyhV0hewuBI9pHTdOqo1F1awcPZPHbi9sEQ8khPlhpeRzgSl8Is51St80NVQLtgPC4nfQLG1VKEYSnGPwOsE90vtctKlE1ZzTLvqc5x2ZBfjL0M/NYL9pza/IKS/Ci7tdzaaNVG0s55XlTkouro8I=
aiNct1i10rChIMS9nRfigUJVLmhqH5p1TcsiV7PitY9TbDV0AW1+QZx/MDNU8eUrFPVIg3wPfBP+aurTjtkLf8A3Dah0U3vEa6Ej6+hgaAE0E0EtTSoP6aWl4P3vcys78UqdIPL+OVOstNrN8qa0Ej7fZAYsxOUggr0D5x+xJI5DnQOSs71UjUJrcFMMF2Zf642oo88=
agNHKilDlHdg6dGSSJuO48xT4fReXu8ZQnQqEnkxpPS3QSX1USPLSfPiJyXjsKNZZRMnJ5Qpm8OLvKMhkabY4enkQOIvUHNVgo+tZWUa7YjgwL3c+8MVAkE8R/BMljDH5EZ3hVoJ9a/k897PCd9mSW5K1BsDgG+SI9MS4vtoImZHi8kLJUOL8TVBM/q7s6PK
NKasF9zXarnBH+M4NfEVhraxfxARuJ6E5dGShGdro0Muw0rN+1NKyZFCorMia2DWdCMQZVUHngvTSGpvZbx1nf0bNtw2eaqv363TlpGR+xk+DTFPNUPvdoPALMJnK/IIRD1sGipqYGO6xvL4u1icgR0XAY169h0h3XItAcr13Neuo9IrOCf1sbaj0Q==
Zl3UyNvmKRZPezCZDyjsRz9jYB6FLDKPK3D8g9DCpEBURmZBmJmqE2YDgj3Tc1K5j0K6QzpLSKY8Y9i1vacmm6vI0v+dXN3NtVt+7N6Zsp/HrcumiXETKXZNeR+doxfmO0BUUt+LGtiMfSRqAkp4k6LG6oijeLRx1ddJ3RJWpbEl8pWRspV0B2ZjGhtQR+2BrqPJ
D3WeNTESFCNrQkEAeU103Z3IGqcY5gIvcN929KRJRCmB219CsSKiAUa+BJ2Gp7lcn2+C+H3sxPdebIrHreBy7YH+bMvTeQrdHjsERl6cy8zyobagbNwtaSucrArQo9xuIhiTXo7WOfDIESteBBcsk+jZsdtg7QcCsReIYypCVnOSMX+v1A+B6Hgr75RfCb8LlIg8MQCLjS2BsjvZ8U2cHXPbH2tlMpFgfsYtg9hcxm1OjmBiyseohmDckdDWlb9HA9nQ3lelj1K/RcBddsPsM/B/sm/fFeSjgw==
DDbQOLiV0hvP4UepJRUzmdKRgmwZCUSN0CM/s8ejz57vRm9R9o48+uq1ci1MbuCBk1CqafGzS/kTMmdVw66iaAVD59c0uRtza2zjUbG22NGJtIASj8Dz5WJf7RVFCu24gJB9LFtTlbKh7AeAbIYw94QWt3X6mXUfBCOevynPZnkOGhTroxDvIsMDUpLbeCJWJ9sJ+4XTC0HVkXOKm6Oj+g==
HfkA5dXtj+xl6tux9ugs83sA44Oa3VK4QVWkqbgPz4e/n8+a50p/Re6SHJ7CWUJZdJKgxVuc+j0pbytd+54X4TsSIuyNz3dDrCW7l8MAU6UJyhgVwfhQxtecE8EKcx0hPTbtvIicbThDT7XWiQA39FR6cLNM2uchIkUVu+yP7gvRc+b9hpaEfzuMT8Zrb+JmYwTikm+X2S/dj+tlvb2DvuOfo/4=
xm+P1t5MqtE1MGkceONKacXpnBU86G7GJdfaHNAyhFMCMRhPG2XJ+8ho7ZQXWMLO7AolMFTJD05An4CzxBE1a0TVtYINL6zTrgp6Uz65u7/wVx2oZHMLBJsBU2t4wDhB5PNxLX3K36n1BXB9n9Pb+4FqjSDingmTHNRqTWLG5NLu/xQG3OS1YFJdk2evUZTOc30TkqOdpM0yy4DTnLe2n7vtmKP/
qxs8Uk74jPYwA30X+YoLHUsrWu6Jrn7jOpJdQ5RbjAHXnbOZz5jjVHdP0mQMjNZ3OmOYtIAnf+LS13U522+PUM+7d9RirkkRPwlQk+tFF27rX6Ws+LelRrhsSwqjs779hbuxsG0+DALlsv85JUQdrs9OONzQ0egkT0v+k2UJGMG20R01Jj/CyEy1R7qflD+B2hxP4oKwi6mxBcGZ25eJs5uk75mj/A==
Lu4NrlXFvj0rhxaaJukQ0inCOFEsaGgb4H1XNxJR04K9ZDkIEhmq3Qp8tEvC42aFv+PuMQbBP8uG26QeWAN8bVEXetPvCBY3wSzxFVF7WpTyiU6Xw63PrnVhP1FSbZ3HsdNLLv+AEBqDO/YAKB1A0u7axBsmRm4AH+jYyTE37YV+5nl54bLR2W5lWF8CQz7jfFeRiaqjzQ==
gHQRcrOK/SNJkmZgb/PFYLb6gAu7lBxS8yxXHhcocsXQlZZzSLu9zfsbh7Qf/x9p5RUhVe/tWOfLsd8Ke9tNGLiDTUKoCIP+A8c2GVX/2YRtCmRGNVZ3TYWw1crfStDokGUAoN8vNmdFfRAlZpV1gaaLqoycUU/Ov2D35UqYp1bChGOtoWEJbXvjAVdL4Ieto8g=
c6mmnA7KYAVQAFieHHjOMeaMhJGU248DHdu12dtPz/BPW7f+ZYGJ8b+pELPrpdcOa/9lTPjX5eY4jAtqo5N+XQXb8ZBtHkxiZRI/GSUkXU5P7ni80DEohM8rPnNlKVhhNjHdFSYfAijMFQean3T/4Vq8jwKC0MsJMeWB+du3SRMbxK+5o9w=
IL6MLzwRG7S8ASHzQHsJCgMWESd+Ja6BTN+gsyRRVevkFV6FYm8MU07KGlMeeVs/kBc9qISzq4Q7wbNrWICYwQQzUS1dCj8pVUVQfX8Te3shqm0gwt5pE/wUSk0CBgRSTr90BjwkFeAyHXNnjxH0TpO9M5LD3QRNkovg07x3Fh/brbij3w==
tYUZReVVE89GdqsCpIV41OSMhICWzYsDHdu12dtPz/BPW7f4ZYGJ8b+pELPrpdcOa/9lTPjX5eY4jAtqo5N+XQXb8ZBtHkxiZRI/GSUkXU5P7ni80DEohM8rPnNlKVhhNjHdFSYfAijMFQean3T/4Vq8jwKC0MsJMeWB+du3SRMbxK+5o9w=
ExqLTgbDUPRJ/W/wZMoHxgMWFzFiOK6BTN+gsyRRVevkFViFYm8MU07KGlMeeVs/kBc9qISzq4Q7wbNrWICYwQQzUS1dCj8pVUVQfX8Te3shqm0gwt5pE/wUSk0CBgRSTr90BjwkFeAyHXNnjxH0TpO9M5LD3QRNkovg07x3Fh/brbij3w==
ByzyNXGBu6ZHmMM361DKBAMWFidwPa6BTN+gsyRRVevkFVuFYm8MU07KGlMeeVs/kBc9qISzq4Q7wbNrWICYwQQzUS1dCj8pVUVQfX8Te3shqm0gwt5pE/wUSk0CBgRSTr90BjwkFeAyHXNnjxH0TpO9M5LD3QRNkovg07x3Fh/brbij3w==
at/vyn/RDuw5cajTEFzlp3aba0Imdm8e9jQZMw5XlYS9amlbBBGxzgt7lkvC42aFv+PuMQfAMcuG26QeWAN8bVEXetPvCBY3wSzxFVF7WpTyiU6Xw63PrnVhP1FSbZ3HsdNLLv+AEBqDO/YAKB1A0u7axBsmRm4AH+jYyTE37YV+5nl54brQ2W5lWF8CQz7jfFeRiaqjzQ==
X/6Q/4r0oEjiUwmn1Gezv+UtZ1gHjXKlxWdoLaRHBjwjLEZ/0O7QUhTxIj3J+4XnTV1jMykNibP2gzJdY7OCmf9BRWNqC/hGjONIFW3nVru7yMKfrZwNrSXbjkyu2WJ/9637RlkxY4mGzel/TWMnhitARHKvy8p4HP2UirIKKLNSxpqoc7gEEWVX2X1CllWRNfqEcYLVJOf242q7oIe94Z6j+Q==
Mv5pXkz7AmkbSGsZ6pkqyo1ZJSxj31pC5NoHNLGFyF/ZbZxRNnLU8uc07CJbfE5jJ9jVpOneuaNHWm6+z9l7N/4oiaHuurVgQXpsS2mGlZD9Vxzw1/ZQHlz5KYF3iI5nCQyJJbk7MgRq6QZn+633Xj0Bp8E6LXX3yfODfmcAiErL285wAN3oQnZ6jCveRhYw10hAWZl3xXVGhrGpeTpICSZFoG9qg9Zz5LdZ+ZKj9Q==
Mv5pXkz7AmkbSGsZ6pkqyo1ZJSxj31pC5NoHNLGFyF/ZbZxRNnLU8uc07CJbfE5jJ9jVpOneuaNHWm6+z9l7N/4oiaHuurVgQXpsS2mGlZD9Vxzw1/ZQHlz5KYF3iI5nCQyJJbk7MgRq6QZn+633Xj0Bp8E6LXX3yfODfmcAiErL285wAN3oQnZ6jCveRhYw10hAWZl3xXVGhrGpeTpICSZFoG9qg9Zz5LdZ+ZKj9Q==
2J8BKFur3NcRicQwIuOU+zI1PeJlXyNlbwD8RQYuGm78hFtKTlg4/ZmcZHgomuH8IVF2qLN3wwf3l8hjasIWc9Kxv68Uj0HouKuvlB+J/wvUCHwxwAtNLUEy+9mxzdwdM1tfayWyUWC+Ru2DGNyGbQ4OIGKKR+iGoFxR0BYVf0fDWZDeFyXPWP7FAF22QywzMP9yb5+VpKPD
WdLMg/8S+XkNaT+5L4UGUVjgju6s7oV3+ZW8r5ZbIjrulbKFjcZSnbRr2KQ09mcH/JiG7meYqSF/WbADa9W3vqsvhVz4x4W2eDzrmiMj3i1Fi9GAbQ5sMiVin6ml1L3+D74YrNAhyFQPm14D5Zn4kfbh/QUmDyL4DOWnKh8En1GabG8SiMGrWXFVYQlbB+ljW5SPqaPM
5A1SlKLThvhFefUKzQ91uhHwceNAc3KpuDEXxJ2rN7XGfkhz0iuOF6vpSD6fdbfexhWIfe4zBPPY78oPlyV8oxs=
49r6FBVmkSOI/QbKSjR/ItqVjmQcPReX3h5wo93qrJy8fFN/x5sv6OnwNDJaLaqBm0ShSpzqG98nH30stvH4NllD/sZ5pC53aFntSrO22NGJtIASj8Dz5WJf7RVFCu24gJB9LFtTlbKh7AeAbIYw94QWt3X6mXUfBCOevynPZnkOGhTroxDvIsMDUpLbeC5XJ9sJ+4XTC0HVkXOKm6Oj+g==
jJkHy4wmw6iOxaU1Rj9RAe9G837/Zok4M5eOMbM5DmC2n3mD1RfQOQ+axhnDtZmDuI8L3sfbYYM0McE1SyEObSmzbJBRTX5O5JgyNuaGBC0fSGieO2FYgEqvD6sWqoXfLCL8c0tJxtEZN2KjR4h+B9lMOYUpu0LkOik2R+ut534NwfchSq3lV3mzUx6XALhqmxu+kJBdWOKmOnxLzkYG0KeIEPkp91UVtsZhiUk9OOl2hRDP+gMmEzT3admCo+U=
P/TgDjsJpG5uvH3tcua8bSld1vo8sT8wEDoMD3CO6dQUHX2Wli7e34zSDVJ/wTfc/9gnDeow1w5NXZMFAQlZ1bsb0f8riDd1oxA=
teS3l9QOTFgWaM/m5Jh+g5yzTw1KpHa8NZdfPKyFLM6+mdZMJwQ87vO+ipIeRCnpyy1xpKqO52G9GRFlQwDo1E201QNUR4eDlRVfhusv4ibjRO3T79fZb13P66U9fYN+Y1+jPg==
kLlCh0JQuPGLZzqIEBBa8jHe5PvT8cM9bd3TNrhiRmGEUl4WDWXH+KO1gUJbRB/lHPVaIXV43ZNcSzZJPGnr1LFjUzUiNmRjrvMKd2/RVM4z/VOd4h3kzXJLwNPcN3afe21Yoz8=
3d1O/K1+xRozahWnQ0nneSy9lQathGIWMZ3jiGd9LSL3zJt1uC0GYamguYNYQ1pp0KGvZFXbL7XejgDTartmV4PZUN7XpQ9dPkVAXfbDbDNwfzJvXxVkowM=
CSEgNe/sSItY/Ul9z8/5r8kSiGRQhmA3s5FmFjWV/5iLRUkCE5S3hYRlwqHt6EUzNJv+CXRZA/TJU6s1WgacQ8bDwrcngbxuq23LHXqNfC3aGwgTlEdef0MdYKMH
PyN2xtcOhUHR+2jVMpQdpOAhp0FhtEEthJFmFjWV/5iLRUkCE5S3hYRlwqHt6EUzNJv+CXRZA/TJU6s1WgacQ8bDwrcngbxuq23LHXqNfC3aGwgTlEdef0MdYKMH
UAPekR313RC6HSf1OLGYrPrAoBn2jzM/4JazGXkAHcm/smU4IR0iiWTBSwTja+I3iLmCFVUsDx/t9RxKWpuQjzSHUa1qNo2B7X1cYVo1zDd+I2JLSGdFEWajAQ==
oB44YFfnhddDC+K1qyFkyo1ZJSxj31pC5NoHNLGFyF/ZbZxRNnLU8uc07CJbfE5jJ9jVpOneuaNHWm6+z9l7N/4oiaHuurVgQXpsS2mGlZD9Vxzw1/ZQHlz5KYF3iI5nCQyJJbk7MgRq6QZn+633Xj0Bp8E6LXX3yfODfmcAiErL285wAN3oQnZ6jCveRhYw10hAWZl3xXVGhrGpeT1ICSZFoG9qg9Zz5LdZ+ZKj9Q==
Dc+REhU94MC3YtPM/qWRyyld1vs8sT8wEDoMD3CO6dQUHX2Wli7e34zSDVJ/wTfc/9gnDeow1w5NXZMFAQlZ1bsb0f8riDd1oxA=
Qth4IhFMd8xXuzQp+bMVzZcBvR3SSuonovc+c4uISPXl7yg6kSUYe15Heb1iFrVRlfzjMaJVxCcW48r7wAedIX6jGQ==
iDnhxW/tt94DBiJKGjchGjYhPAqwJDDm9gMU2HBjGo/KPpSxy//twgMj0vKb2Cyw5/uJm8VzC6EVsfPq2wOjGg==
k3Q4A+MFh8IDXxmE09dt687RUkHLkaU+ij8oliEVVX1vSIfdqgD3PkxqszXBWflFO4sxr+v41wWjYA==
fs9oTR9HpFmBHLLoXiUHuo9d8kREad3BNHTEIZs7jcWeZlk5Qbw3mQ7leJ+iQ54jnNfxyQqjbQ==
Tj9lFjtgZgLqOZPfRm1pCPctNglVOD0TPI8UR9ypi1QRI7M1QvbE406zandPkbROUz1zmQRdRE3SCyDT/PfWH5steKMf
IXZMz6OBT032/+jqQp/0awl+bz9ce25+TeGGoEQFOva3uedQLrXOPFEuKcXx5ApvievfN0sw48mJ2Sxxv2yiBHlox30q4LceSUtzVUH5OWU7a3FPa1gXZaMA
oMDt/e0sPoiSNtGR8i7GK9PLyRgQhfdiZRSKLEWD28NihRGnB0Ec7sut6xmczdytuttoE7QHvv/j3QCjZw==
oMDt/e0sPoiSNtGR8i7GK9PLyRgQhfdiZRSKLEWD28NihRGnB0Ec7sut6xmczdytuttoE7QHvv/j3QCjZw==
