Oip2lA7TPC+jMg+ZDw0hax9GJHh2F5kmV8k8R6ClqaxTYTUbZwMXW5VoKTtrx8hMXLka0SVraQ/0Asfmito+cds1Dah0U3vEa6Ej6+hgaAE0E0EtTSoP6aWl4P3vcys78UqdIPL+OVOstNrN8qa0Ej7fZAYsxOUggr0D5x+xJI5DnQOasr1UjUJrcFMMF2Zf642oo88=
dPLq0l+lrcm6Gz0OGXarys4Me7+Z0MimvsbO0byG3m/snW/7iqMuVUfDxkEXxic7rvvcTpDDtN0Jd9JDF4iup6mMKeWZOxLEymmmp9ut156dgQcBGi1VN2lzI75HAOiKK1uusODdiIKW+uzrPkZ2cDfIIBl5d6U1pgbR6Zk6aEmGxQAvSoP2M0Q3+bmyo9U=
/fmR/1GY34t169DGBBRsIXz2i6wX3pP5OBPeACfmhs6+Q+gNPC6vZESQjOrQO8M/R2tMUz+5hJGEJMKddRaQ0rJDRoFRaW7TRgOi/bPzsnnuQ1kDWsuo5hxj+PUdJ4bbi8iyv33cvQ1VWx4sfhkSX+et62Yp8bPpFk2Z3/0j96ZbQHQSfwu6mKx9BCriyhjTQsaKSEP41LH112kdstYFcQX6dFHSFZRHBmP6W/DHTcGOo+k=
KK7A9q7R+HTo3PeLTA+2BvqWmuTT9mkpU7qcfoHrixGDigcd87eiQVU7R1/EYVsbe1QDmQEuWHlZTKAa/5gzDfLnjV11Eu2Q0OjdpKuL1dqx1OdI3B6wX1Tul32KwbX3lJv+9xnXZlFeYrRjU8ivStM7slpr4Kr/9yMp8/WLy6lFKRPCq7uj0g==
14jbT7Mxaw+ygB1P9izmU5jw07PMFvHARb/JKCwcAJbS56n5q0OgU4mfqy1bTtexWyoj3e2ft5MMVTtnY1ATden6GCUhKBCWd2yTsaqj3XFdBu2M6Myt6OM/NSYpUHcktEpwg6wKp3GCtZXLTF8uW7FD5s3mxkSvm/zPNss/oraDNOqjj0eZf31/axUdbUPug6+jzg==
Y919YtHEaLlWkEbhKvsqd5jw07PMFvHARb/JKCwcAJbS9qH3rUyhAYmfqy1bTtexWysj3e2ft5MMVTtnY1ATden6GCUhKBCWd2yTsaqj3XFdBu2M6Myt6OM/NSYpUHcktEpwg6wKp3GCtZXLTF8uW7FD5s3mxkSvm/zPNss/oraDNOqjj0eZf31/axUdbUPug6+jzg==
FPtgfFDr9Q43/dqAyk6kt+W9vhQ7haLsRwwujppTm1+VQdzV8MTTj7RSAWzJOyeydHwbmLuCJExHiUXtQcuLMUNqh32znKNhFVvHvwRBWzu7tIP5QQ5YWRksIPo/uDMtMgcNPTUy7bCQiF1Ea6vV+nE0ZyicPrB/FI4XnUrhtddUe36XWfdmcR4CNIOT6K9qE9syOivAqt+3Q6kTNavLiYXJk6Lrm6Py
7rSsUFRQhGZwxVtm+GiVgDNibBOcbXvHNGeljpyd+xJWXydBmJmqE2YDgj3Tc1K5iEO6QzpLSKY8Y9i1vacmm6vI0v+dXN3NtVt+7N6Zsp/HrcumiXETKXZNeR+doxfmO0BUUt+LGtiMfSRqAkp4k6LG6oijeLRx1ddJ3RJWpbEl+pSRspV0B2ZjGhtQR+2BrqPJ
wexrN0xyBZdkQ+mgqoi0kbSsQPGV7Lyn3CvB3K6Gr1ESzMr61qNqLmLyhV0hewuBI9pHTdOqo1F1awcPZPHbi9sEQ8khPlhpeRzgSl8Is51St80NVQLtgPC4nfQLG1VKEYSnGPwOsE90vtctKlE1ZzTLvqc5x2ZBfjL0M/NYL9pza/IKS/Cq79dzaaNVG0s55XlTkouro8I=
Av0A1AvwBsGH4t5cAgXHBUJVLmhqH5p1TcsiV7PitY9TbDV0AW1+QZx/MDNU8eUrFPVIg3wPfBP+aurTjtkLf8A3Dah0U3vEa6Ej6+hgaAE0E0EtTSoP6aWl4P3vcys78UqdIPL+OVOstNrN8qa0Ej7fZAYsxOUggr0D5x+xJI5DnQOasr1UjUJrcFMMF2Zf642oo88=
Ip7U/kidqbaJFGuwgHTSN8xT4fReXu8ZQnQqEnkxpPS3QSX1USPLSfPiJyXjsKNZZRMnJ5Qpm8OLvKMhkabY4enkQOIvUHNVgo+tZWUa7YjgwL3c+8MVAkE8R/BMljDH5EZ3hVoJ9a/k897PCd9mSW5K1BsDgG+SI9MS4vtoKmdHi8kLJUOL8TVBM/q7s6PK
3yPoCMs2ygSnPD0UU6yBYbaxfxARuJ6E5dGShGdro0Muw0rN+1NKyZFCorMia2DWdCMQZVUHngvTSGpvZbx1nf0bNtw2eaqv363TlpGR+xk+DTFPNUPvdoPALMJnK/IIRD1sGipqYGO6xvL4u1icgR0XAY169h0h3XosAcr13Neuo9IrOCf1sbaj0Q==
97OJPxwg+20y+RmF5MlKtS/PYY3MF22u3ayh/pdjg3WX95YrpbX2v0JtNnlvZVXpWdfrZYum99lLJiLV/feXe9wdey+zuLMdeXKYrbFAsH6nJNP5ekv9GU0O7YT4pI0AM3d1bvm410wkwvALPGIHmVL91YOctw4zoUvmxfauZEdLtI9+G9cC3hO8aisfLzmXrTcrXc2FY4aTp6PG
fWV+QVfG7AlYfClfAjIlvz9jYB6FLDKPK3D8g9DCp0BURmZBmJmqE2YDgj3Tc1K5j0K6QzpLSKY8Y9i1vacmm6vI0v+dXN3NtVt+7N6Zsp/HrcumiXETKXZNeR+doxfmO0BUUt+LGtiMfSRqAkp4k6LG6oijeLRx1ddJ3RJWpbEl+pSRspV0B2ZjGhtQR+2BrqPJ
Tz/8hg67DsGTXKWJJkDD653IGqcY5gIvcN929KRJRCmB219CsSKiAUa+BJ2Gp7lcn2+C+H3sxPdebIrHreBy7YH+bMvTeQrdHjsERl6cy8zyobagbNwtaSucrArQo9xuIhiTXo7WOfDIESteBBcsk+jZsdtg7QcCsReIYypCVnOSMX+v1A+B6Hgr75RfCb8LlIg8MQCLjS2BsjvZ8U2cHXPbH2tlMpFgfsYtg9hcxm1OjmBiyseohmDckdDWlb9HA9nQ3lelj1q+RcBddsPsM/B/sm/fFeSjgw==
RUyHdZsuJ53JiSIedKbNINKRgmwZCUSN0CM/s8ejz57vRm9R9o48+uq1ci1MbuCBk1CqafGzS/kTMmdVw66iaAVD59c0uRtza2zjUbG22NGJtIASj8Dz5WJf7RVFCu24gJB9LFtTlbKh7AeAbIYw94QWt3X6mXUfBCOevynPZnkOGhTroxDvIsMDUpLbeCpXJ9sJ+4XTC0HVkXOKm6Oj+g==
P779Vi3xWMe/AkVDS7FeRSnCOFEsaGgb4H1XNxJR04K9ZDkIEhmq3Qp8tEvC42aFv+PuMQbBP8uG26QeWAN8bVEXetPvCBY3wSzxFVF7WpTyiU6Xw63PrnVhP1FSbZ3HsdNLLv+AEBqDO/YAKB1A0u7axBsmRm4AH+jYyTE37YV+5nl54brQ2W5lWF8CQz7jfFeRiaqjzQ==
c1K207b+69onzoueF4+luLb6gAu7lBxS8yxXHhcocsXQlZZzSLu9zfsbh7Qf/x9p5RUhVe/tWOfLsd8Ke9tNGLiDTUKoCIP+A8c2GVX/2YRtCmRGNVZ3TYWw1crfStDokGUAoN8vNmdFfRAlZpV1gaaLqoycUU/Ov2D35UqYp1bKhWOtoWEJbXvjAVdL4Ieto8g=
zv64eD8p/xJ5UWRFLNUMF+aMhJGU248DHdu12dtPz/BPW7f+ZYGJ8b+pELPrpdcOa/9lTPjX5eY4jAtqo5N+XQXb8ZBtHkxiZRI/GSUkXU5P7ni80DEohM8rPnNlKVhhNjHdFSYfAijMFQean3T/4Vq8jwKK0csJMeWB+du3SRMbxK+5o9w=
hPdODxfAFJNIcz/ABxojogMWESd+Ja6BTN+gsyRRVevkFV6FYm8MU07KGlMeeVs/kBc9qISzq4Q7wbNrWICYwQQzUS1dCj8pVUVQfX8Te3shqm0gwt5pE/wUSk0CBgRSTr90BjwkFeAyHXNnjxH0TpO9M5rC3QRNkovg07x3Fh/brbij3w==
ikcefbHUR268XC6RE0MQJOSMhICWzYsDHdu12dtPz/BPW7f4ZYGJ8b+pELPrpdcOa/9lTPjX5eY4jAtqo5N+XQXb8ZBtHkxiZRI/GSUkXU5P7ni80DEohM8rPnNlKVhhNjHdFSYfAijMFQean3T/4Vq8jwKK0csJMeWB+du3SRMbxK+5o9w=
yv0Lc71rp6/YxJIaIGmcIgMWFzFiOK6BTN+gsyRRVevkFViFYm8MU07KGlMeeVs/kBc9qISzq4Q7wbNrWICYwQQzUS1dCj8pVUVQfX8Te3shqm0gwt5pE/wUSk0CBgRSTr90BjwkFeAyHXNnjxH0TpO9M5rC3QRNkovg07x3Fh/brbij3w==
fbloXED5KSQVRtuUL48nSgMWFidwPa6BTN+gsyRRVevkFVuFYm8MU07KGlMeeVs/kBc9qISzq4Q7wbNrWICYwQQzUS1dCj8pVUVQfX8Te3shqm0gwt5pE/wUSk0CBgRSTr90BjwkFeAyHXNnjxH0TpO9M5rC3QRNkovg07x3Fh/brbij3w==
TFmBnHl98l7VkkOAyzvFzZN6QThCl9QWOb/EoeLmwHqcfpb2hdTOipZEPR8BSMwEb4Ol4Zs3X3ivk4fnYpi5OV8hgMurnccGS7cV1HhPFS4YhBtSY2vu1WWTwYhtBnwqBZqv4eUcTUZvJogkUKlYzO8jLkslUcjp1vntDSYHMuAsnZfi30zv6Xr0/5oKSTvBEe2RwRtP2Zt7jJ+ho8Q=
Sr/cxCb7AMBi6LFXRa4zFFfxZUaFp39JKmIqDuYJ/RNcc6lRThZ0KpKNuun4qUKgvRHUaTapJfLUGfYrIQcdN8enjusFR84rI0haDzX8pX1tm0a8hrlaj8+tw7ZhUUt5To2hr+UDvxazwNziN2uiqNS93LpaKlCDqsbimIuYbCGtl5EtqjbNAa16HOEaNYy3PiMiy4hnhZGmo8E=
6arxayg4Ir7We9PdApOx3lfxZUaFp39JKmIqDuYJ/RNcc6lRThZ0KpKNuun4qUKgvRHUaTapJfLUGfYrIQcdN8enjusFR84rI0haDzX8pX1tm0a8hrlaj8+tw7ZhUUt5To2hr+UDvxazwNziN2uiqNS93LpaKlCDqsbimIuYbCGtl5EtqjbNAa1zG+EaNYy3PiMiy4hnhZGmo8E=
QF2VM9Wd1Dzjzn5fLXbjMlaqxaj/7p55v9Cztd9bKzzY3PPEq/R1usdiwbFTwFkt6MPbuzHGzTRjU9guXtG0i6U0h1z4x4W2eDzrmiMj3i1Fi9GAbQ5sMiVin6ml1L3+D74YrNAhyFQPm14D5Zn4kfbh/QUmDyL4DOWnKh8En1GabG8SisKrXnFVYQlbB+ljW5SPqaPM
